[2024-01-09T13:17:28.525+0000] {processor.py:161} INFO - Started process (PID=44250) to work on /opt/airflow/dags/dag_with_cron_expression.py
[2024-01-09T13:17:28.526+0000] {processor.py:830} INFO - Processing file /opt/airflow/dags/dag_with_cron_expression.py for tasks to queue
[2024-01-09T13:17:28.526+0000] {logging_mixin.py:188} INFO - [2024-01-09T13:17:28.526+0000] {dagbag.py:538} INFO - Filling up the DagBag from /opt/airflow/dags/dag_with_cron_expression.py
[2024-01-09T13:17:28.534+0000] {processor.py:840} INFO - DAG(s) 'dag_with_cron_expression_v01' retrieved from /opt/airflow/dags/dag_with_cron_expression.py
[2024-01-09T13:17:28.640+0000] {logging_mixin.py:188} INFO - [2024-01-09T13:17:28.640+0000] {override.py:1769} INFO - Created Permission View: can edit on DAG:dag_with_cron_expression_v01
[2024-01-09T13:17:28.652+0000] {logging_mixin.py:188} INFO - [2024-01-09T13:17:28.652+0000] {override.py:1769} INFO - Created Permission View: can delete on DAG:dag_with_cron_expression_v01
[2024-01-09T13:17:28.661+0000] {logging_mixin.py:188} INFO - [2024-01-09T13:17:28.661+0000] {override.py:1769} INFO - Created Permission View: can read on DAG:dag_with_cron_expression_v01
[2024-01-09T13:17:28.661+0000] {logging_mixin.py:188} INFO - [2024-01-09T13:17:28.661+0000] {dag.py:3033} INFO - Sync 1 DAGs
[2024-01-09T13:17:28.673+0000] {logging_mixin.py:188} INFO - [2024-01-09T13:17:28.672+0000] {dag.py:3055} INFO - Creating ORM DAG for dag_with_cron_expression_v01
[2024-01-09T13:17:28.683+0000] {logging_mixin.py:188} INFO - [2024-01-09T13:17:28.683+0000] {dag.py:3820} INFO - Setting next_dagrun for dag_with_cron_expression_v01 to 2024-01-01T00:00:00+00:00, run_after=2024-01-02T00:00:00+00:00
[2024-01-09T13:17:28.698+0000] {processor.py:183} INFO - Processing /opt/airflow/dags/dag_with_cron_expression.py took 0.175 seconds
[2024-01-09T13:17:58.748+0000] {processor.py:161} INFO - Started process (PID=44310) to work on /opt/airflow/dags/dag_with_cron_expression.py
[2024-01-09T13:17:58.749+0000] {processor.py:830} INFO - Processing file /opt/airflow/dags/dag_with_cron_expression.py for tasks to queue
[2024-01-09T13:17:58.750+0000] {logging_mixin.py:188} INFO - [2024-01-09T13:17:58.749+0000] {dagbag.py:538} INFO - Filling up the DagBag from /opt/airflow/dags/dag_with_cron_expression.py
[2024-01-09T13:17:58.758+0000] {processor.py:840} INFO - DAG(s) 'dag_with_cron_expression_v01' retrieved from /opt/airflow/dags/dag_with_cron_expression.py
[2024-01-09T13:17:58.779+0000] {logging_mixin.py:188} INFO - [2024-01-09T13:17:58.779+0000] {dag.py:3033} INFO - Sync 1 DAGs
[2024-01-09T13:17:58.807+0000] {logging_mixin.py:188} INFO - [2024-01-09T13:17:58.806+0000] {dag.py:3820} INFO - Setting next_dagrun for dag_with_cron_expression_v01 to 2024-01-01T00:00:00+00:00, run_after=2024-01-02T00:00:00+00:00
[2024-01-09T13:17:58.827+0000] {processor.py:183} INFO - Processing /opt/airflow/dags/dag_with_cron_expression.py took 0.082 seconds
[2024-01-09T13:18:29.095+0000] {processor.py:161} INFO - Started process (PID=44368) to work on /opt/airflow/dags/dag_with_cron_expression.py
[2024-01-09T13:18:29.097+0000] {processor.py:830} INFO - Processing file /opt/airflow/dags/dag_with_cron_expression.py for tasks to queue
[2024-01-09T13:18:29.098+0000] {logging_mixin.py:188} INFO - [2024-01-09T13:18:29.098+0000] {dagbag.py:538} INFO - Filling up the DagBag from /opt/airflow/dags/dag_with_cron_expression.py
[2024-01-09T13:18:29.108+0000] {processor.py:840} INFO - DAG(s) 'dag_with_cron_expression_v01' retrieved from /opt/airflow/dags/dag_with_cron_expression.py
[2024-01-09T13:18:29.129+0000] {logging_mixin.py:188} INFO - [2024-01-09T13:18:29.129+0000] {dag.py:3033} INFO - Sync 1 DAGs
[2024-01-09T13:18:29.153+0000] {logging_mixin.py:188} INFO - [2024-01-09T13:18:29.152+0000] {dag.py:3820} INFO - Setting next_dagrun for dag_with_cron_expression_v01 to 2024-01-09T00:00:00+00:00, run_after=2024-01-10T00:00:00+00:00
[2024-01-09T13:18:29.171+0000] {processor.py:183} INFO - Processing /opt/airflow/dags/dag_with_cron_expression.py took 0.083 seconds
[2024-01-09T13:18:59.509+0000] {processor.py:161} INFO - Started process (PID=44427) to work on /opt/airflow/dags/dag_with_cron_expression.py
[2024-01-09T13:18:59.510+0000] {processor.py:830} INFO - Processing file /opt/airflow/dags/dag_with_cron_expression.py for tasks to queue
[2024-01-09T13:18:59.511+0000] {logging_mixin.py:188} INFO - [2024-01-09T13:18:59.511+0000] {dagbag.py:538} INFO - Filling up the DagBag from /opt/airflow/dags/dag_with_cron_expression.py
[2024-01-09T13:18:59.520+0000] {processor.py:840} INFO - DAG(s) 'dag_with_cron_expression_v01' retrieved from /opt/airflow/dags/dag_with_cron_expression.py
[2024-01-09T13:18:59.542+0000] {logging_mixin.py:188} INFO - [2024-01-09T13:18:59.542+0000] {dag.py:3033} INFO - Sync 1 DAGs
[2024-01-09T13:18:59.567+0000] {logging_mixin.py:188} INFO - [2024-01-09T13:18:59.567+0000] {dag.py:3820} INFO - Setting next_dagrun for dag_with_cron_expression_v01 to 2024-01-09T00:00:00+00:00, run_after=2024-01-10T00:00:00+00:00
[2024-01-09T13:18:59.585+0000] {processor.py:183} INFO - Processing /opt/airflow/dags/dag_with_cron_expression.py took 0.079 seconds
[2024-01-09T13:19:30.025+0000] {processor.py:161} INFO - Started process (PID=44487) to work on /opt/airflow/dags/dag_with_cron_expression.py
[2024-01-09T13:19:30.027+0000] {processor.py:830} INFO - Processing file /opt/airflow/dags/dag_with_cron_expression.py for tasks to queue
[2024-01-09T13:19:30.029+0000] {logging_mixin.py:188} INFO - [2024-01-09T13:19:30.028+0000] {dagbag.py:538} INFO - Filling up the DagBag from /opt/airflow/dags/dag_with_cron_expression.py
[2024-01-09T13:19:30.042+0000] {processor.py:840} INFO - DAG(s) 'dag_with_cron_expression_v01' retrieved from /opt/airflow/dags/dag_with_cron_expression.py
[2024-01-09T13:19:30.077+0000] {logging_mixin.py:188} INFO - [2024-01-09T13:19:30.077+0000] {dag.py:3033} INFO - Sync 1 DAGs
[2024-01-09T13:19:30.126+0000] {logging_mixin.py:188} INFO - [2024-01-09T13:19:30.125+0000] {dag.py:3820} INFO - Setting next_dagrun for dag_with_cron_expression_v01 to 2024-01-09T00:00:00+00:00, run_after=2024-01-10T00:00:00+00:00
[2024-01-09T13:19:30.162+0000] {processor.py:183} INFO - Processing /opt/airflow/dags/dag_with_cron_expression.py took 0.142 seconds
[2024-01-09T13:20:00.525+0000] {processor.py:161} INFO - Started process (PID=44546) to work on /opt/airflow/dags/dag_with_cron_expression.py
[2024-01-09T13:20:00.526+0000] {processor.py:830} INFO - Processing file /opt/airflow/dags/dag_with_cron_expression.py for tasks to queue
[2024-01-09T13:20:00.527+0000] {logging_mixin.py:188} INFO - [2024-01-09T13:20:00.527+0000] {dagbag.py:538} INFO - Filling up the DagBag from /opt/airflow/dags/dag_with_cron_expression.py
[2024-01-09T13:20:00.543+0000] {processor.py:840} INFO - DAG(s) 'dag_with_cron_expression_v01' retrieved from /opt/airflow/dags/dag_with_cron_expression.py
[2024-01-09T13:20:00.579+0000] {logging_mixin.py:188} INFO - [2024-01-09T13:20:00.578+0000] {dag.py:3033} INFO - Sync 1 DAGs
[2024-01-09T13:20:00.629+0000] {logging_mixin.py:188} INFO - [2024-01-09T13:20:00.628+0000] {dag.py:3820} INFO - Setting next_dagrun for dag_with_cron_expression_v01 to 2024-01-09T00:00:00+00:00, run_after=2024-01-10T00:00:00+00:00
[2024-01-09T13:20:00.663+0000] {processor.py:183} INFO - Processing /opt/airflow/dags/dag_with_cron_expression.py took 0.146 seconds
[2024-01-09T13:20:30.938+0000] {processor.py:161} INFO - Started process (PID=44605) to work on /opt/airflow/dags/dag_with_cron_expression.py
[2024-01-09T13:20:30.941+0000] {processor.py:830} INFO - Processing file /opt/airflow/dags/dag_with_cron_expression.py for tasks to queue
[2024-01-09T13:20:30.942+0000] {logging_mixin.py:188} INFO - [2024-01-09T13:20:30.942+0000] {dagbag.py:538} INFO - Filling up the DagBag from /opt/airflow/dags/dag_with_cron_expression.py
[2024-01-09T13:20:30.954+0000] {processor.py:840} INFO - DAG(s) 'dag_with_cron_expression_v01' retrieved from /opt/airflow/dags/dag_with_cron_expression.py
[2024-01-09T13:20:30.983+0000] {logging_mixin.py:188} INFO - [2024-01-09T13:20:30.983+0000] {dag.py:3033} INFO - Sync 1 DAGs
[2024-01-09T13:20:31.018+0000] {logging_mixin.py:188} INFO - [2024-01-09T13:20:31.018+0000] {dag.py:3820} INFO - Setting next_dagrun for dag_with_cron_expression_v01 to 2024-01-09T00:00:00+00:00, run_after=2024-01-10T00:00:00+00:00
[2024-01-09T13:20:31.046+0000] {processor.py:183} INFO - Processing /opt/airflow/dags/dag_with_cron_expression.py took 0.113 seconds
[2024-01-09T13:21:01.233+0000] {processor.py:161} INFO - Started process (PID=44664) to work on /opt/airflow/dags/dag_with_cron_expression.py
[2024-01-09T13:21:01.234+0000] {processor.py:830} INFO - Processing file /opt/airflow/dags/dag_with_cron_expression.py for tasks to queue
[2024-01-09T13:21:01.235+0000] {logging_mixin.py:188} INFO - [2024-01-09T13:21:01.234+0000] {dagbag.py:538} INFO - Filling up the DagBag from /opt/airflow/dags/dag_with_cron_expression.py
[2024-01-09T13:21:01.246+0000] {processor.py:840} INFO - DAG(s) 'dag_with_cron_expression_v01' retrieved from /opt/airflow/dags/dag_with_cron_expression.py
[2024-01-09T13:21:01.276+0000] {logging_mixin.py:188} INFO - [2024-01-09T13:21:01.276+0000] {dag.py:3033} INFO - Sync 1 DAGs
[2024-01-09T13:21:01.311+0000] {logging_mixin.py:188} INFO - [2024-01-09T13:21:01.310+0000] {dag.py:3820} INFO - Setting next_dagrun for dag_with_cron_expression_v01 to 2024-01-09T00:00:00+00:00, run_after=2024-01-10T00:00:00+00:00
[2024-01-09T13:21:01.339+0000] {processor.py:183} INFO - Processing /opt/airflow/dags/dag_with_cron_expression.py took 0.110 seconds
[2024-01-09T13:21:31.720+0000] {processor.py:161} INFO - Started process (PID=44721) to work on /opt/airflow/dags/dag_with_cron_expression.py
[2024-01-09T13:21:31.721+0000] {processor.py:830} INFO - Processing file /opt/airflow/dags/dag_with_cron_expression.py for tasks to queue
[2024-01-09T13:21:31.722+0000] {logging_mixin.py:188} INFO - [2024-01-09T13:21:31.722+0000] {dagbag.py:538} INFO - Filling up the DagBag from /opt/airflow/dags/dag_with_cron_expression.py
[2024-01-09T13:21:31.734+0000] {processor.py:840} INFO - DAG(s) 'dag_with_cron_expression_v01' retrieved from /opt/airflow/dags/dag_with_cron_expression.py
[2024-01-09T13:21:31.764+0000] {logging_mixin.py:188} INFO - [2024-01-09T13:21:31.764+0000] {dag.py:3033} INFO - Sync 1 DAGs
[2024-01-09T13:21:32.011+0000] {logging_mixin.py:188} INFO - [2024-01-09T13:21:32.011+0000] {dag.py:3820} INFO - Setting next_dagrun for dag_with_cron_expression_v01 to 2024-01-09T00:00:00+00:00, run_after=2024-01-10T00:00:00+00:00
[2024-01-09T13:21:32.042+0000] {processor.py:183} INFO - Processing /opt/airflow/dags/dag_with_cron_expression.py took 0.328 seconds
[2024-01-09T13:22:02.350+0000] {processor.py:161} INFO - Started process (PID=44780) to work on /opt/airflow/dags/dag_with_cron_expression.py
[2024-01-09T13:22:02.351+0000] {processor.py:830} INFO - Processing file /opt/airflow/dags/dag_with_cron_expression.py for tasks to queue
[2024-01-09T13:22:02.352+0000] {logging_mixin.py:188} INFO - [2024-01-09T13:22:02.352+0000] {dagbag.py:538} INFO - Filling up the DagBag from /opt/airflow/dags/dag_with_cron_expression.py
[2024-01-09T13:22:02.365+0000] {processor.py:840} INFO - DAG(s) 'dag_with_cron_expression_v01' retrieved from /opt/airflow/dags/dag_with_cron_expression.py
[2024-01-09T13:22:02.398+0000] {logging_mixin.py:188} INFO - [2024-01-09T13:22:02.398+0000] {dag.py:3033} INFO - Sync 1 DAGs
[2024-01-09T13:22:02.439+0000] {logging_mixin.py:188} INFO - [2024-01-09T13:22:02.438+0000] {dag.py:3820} INFO - Setting next_dagrun for dag_with_cron_expression_v01 to 2024-01-09T00:00:00+00:00, run_after=2024-01-10T00:00:00+00:00
[2024-01-09T13:22:02.700+0000] {processor.py:183} INFO - Processing /opt/airflow/dags/dag_with_cron_expression.py took 0.355 seconds
[2024-01-09T13:22:33.554+0000] {processor.py:161} INFO - Started process (PID=44839) to work on /opt/airflow/dags/dag_with_cron_expression.py
[2024-01-09T13:22:33.557+0000] {processor.py:830} INFO - Processing file /opt/airflow/dags/dag_with_cron_expression.py for tasks to queue
[2024-01-09T13:22:33.560+0000] {logging_mixin.py:188} INFO - [2024-01-09T13:22:33.559+0000] {dagbag.py:538} INFO - Filling up the DagBag from /opt/airflow/dags/dag_with_cron_expression.py
[2024-01-09T13:22:33.596+0000] {processor.py:840} INFO - DAG(s) 'dag_with_cron_expression_v01' retrieved from /opt/airflow/dags/dag_with_cron_expression.py
[2024-01-09T13:22:33.689+0000] {logging_mixin.py:188} INFO - [2024-01-09T13:22:33.689+0000] {dag.py:3033} INFO - Sync 1 DAGs
[2024-01-09T13:22:33.766+0000] {logging_mixin.py:188} INFO - [2024-01-09T13:22:33.766+0000] {dag.py:3820} INFO - Setting next_dagrun for dag_with_cron_expression_v01 to 2024-01-09T00:00:00+00:00, run_after=2024-01-10T00:00:00+00:00
[2024-01-09T13:22:34.084+0000] {processor.py:183} INFO - Processing /opt/airflow/dags/dag_with_cron_expression.py took 0.536 seconds
[2024-01-09T13:23:04.582+0000] {processor.py:161} INFO - Started process (PID=44898) to work on /opt/airflow/dags/dag_with_cron_expression.py
[2024-01-09T13:23:04.584+0000] {processor.py:830} INFO - Processing file /opt/airflow/dags/dag_with_cron_expression.py for tasks to queue
[2024-01-09T13:23:04.585+0000] {logging_mixin.py:188} INFO - [2024-01-09T13:23:04.585+0000] {dagbag.py:538} INFO - Filling up the DagBag from /opt/airflow/dags/dag_with_cron_expression.py
[2024-01-09T13:23:04.596+0000] {processor.py:840} INFO - DAG(s) 'dag_with_cron_expression_v01' retrieved from /opt/airflow/dags/dag_with_cron_expression.py
[2024-01-09T13:23:04.631+0000] {logging_mixin.py:188} INFO - [2024-01-09T13:23:04.631+0000] {dag.py:3033} INFO - Sync 1 DAGs
[2024-01-09T13:23:04.671+0000] {logging_mixin.py:188} INFO - [2024-01-09T13:23:04.671+0000] {dag.py:3820} INFO - Setting next_dagrun for dag_with_cron_expression_v01 to 2024-01-09T00:00:00+00:00, run_after=2024-01-10T00:00:00+00:00
[2024-01-09T13:23:04.931+0000] {processor.py:183} INFO - Processing /opt/airflow/dags/dag_with_cron_expression.py took 0.354 seconds
[2024-01-09T13:23:12.081+0000] {processor.py:161} INFO - Started process (PID=44912) to work on /opt/airflow/dags/dag_with_cron_expression.py
[2024-01-09T13:23:12.081+0000] {processor.py:830} INFO - Processing file /opt/airflow/dags/dag_with_cron_expression.py for tasks to queue
[2024-01-09T13:23:12.082+0000] {logging_mixin.py:188} INFO - [2024-01-09T13:23:12.082+0000] {dagbag.py:538} INFO - Filling up the DagBag from /opt/airflow/dags/dag_with_cron_expression.py
[2024-01-09T13:23:12.090+0000] {processor.py:840} INFO - DAG(s) 'dag_with_cron_expression_v02' retrieved from /opt/airflow/dags/dag_with_cron_expression.py
[2024-01-09T13:23:12.347+0000] {logging_mixin.py:188} INFO - [2024-01-09T13:23:12.347+0000] {override.py:1769} INFO - Created Permission View: can edit on DAG:dag_with_cron_expression_v02
[2024-01-09T13:23:12.361+0000] {logging_mixin.py:188} INFO - [2024-01-09T13:23:12.361+0000] {override.py:1769} INFO - Created Permission View: can delete on DAG:dag_with_cron_expression_v02
[2024-01-09T13:23:12.369+0000] {logging_mixin.py:188} INFO - [2024-01-09T13:23:12.369+0000] {override.py:1769} INFO - Created Permission View: can read on DAG:dag_with_cron_expression_v02
[2024-01-09T13:23:12.370+0000] {logging_mixin.py:188} INFO - [2024-01-09T13:23:12.369+0000] {dag.py:3033} INFO - Sync 1 DAGs
[2024-01-09T13:23:12.382+0000] {logging_mixin.py:188} INFO - [2024-01-09T13:23:12.382+0000] {dag.py:3055} INFO - Creating ORM DAG for dag_with_cron_expression_v02
[2024-01-09T13:23:12.393+0000] {logging_mixin.py:188} INFO - [2024-01-09T13:23:12.393+0000] {dag.py:3820} INFO - Setting next_dagrun for dag_with_cron_expression_v02 to 2024-01-01T00:00:00+00:00, run_after=2024-01-02T00:00:00+00:00
[2024-01-09T13:23:12.412+0000] {processor.py:183} INFO - Processing /opt/airflow/dags/dag_with_cron_expression.py took 0.335 seconds
[2024-01-09T13:23:42.482+0000] {processor.py:161} INFO - Started process (PID=44971) to work on /opt/airflow/dags/dag_with_cron_expression.py
[2024-01-09T13:23:42.483+0000] {processor.py:830} INFO - Processing file /opt/airflow/dags/dag_with_cron_expression.py for tasks to queue
[2024-01-09T13:23:42.484+0000] {logging_mixin.py:188} INFO - [2024-01-09T13:23:42.483+0000] {dagbag.py:538} INFO - Filling up the DagBag from /opt/airflow/dags/dag_with_cron_expression.py
[2024-01-09T13:23:42.490+0000] {processor.py:840} INFO - DAG(s) 'dag_with_cron_expression_v02' retrieved from /opt/airflow/dags/dag_with_cron_expression.py
[2024-01-09T13:23:42.509+0000] {logging_mixin.py:188} INFO - [2024-01-09T13:23:42.509+0000] {dag.py:3033} INFO - Sync 1 DAGs
[2024-01-09T13:23:42.536+0000] {logging_mixin.py:188} INFO - [2024-01-09T13:23:42.536+0000] {dag.py:3820} INFO - Setting next_dagrun for dag_with_cron_expression_v02 to 2024-01-09T00:00:00+00:00, run_after=2024-01-10T00:00:00+00:00
[2024-01-09T13:23:42.554+0000] {processor.py:183} INFO - Processing /opt/airflow/dags/dag_with_cron_expression.py took 0.075 seconds
[2024-01-09T13:24:13.219+0000] {processor.py:161} INFO - Started process (PID=45028) to work on /opt/airflow/dags/dag_with_cron_expression.py
[2024-01-09T13:24:13.219+0000] {processor.py:830} INFO - Processing file /opt/airflow/dags/dag_with_cron_expression.py for tasks to queue
[2024-01-09T13:24:13.220+0000] {logging_mixin.py:188} INFO - [2024-01-09T13:24:13.220+0000] {dagbag.py:538} INFO - Filling up the DagBag from /opt/airflow/dags/dag_with_cron_expression.py
[2024-01-09T13:24:13.231+0000] {processor.py:840} INFO - DAG(s) 'dag_with_cron_expression_v02' retrieved from /opt/airflow/dags/dag_with_cron_expression.py
[2024-01-09T13:24:13.259+0000] {logging_mixin.py:188} INFO - [2024-01-09T13:24:13.258+0000] {dag.py:3033} INFO - Sync 1 DAGs
[2024-01-09T13:24:13.298+0000] {logging_mixin.py:188} INFO - [2024-01-09T13:24:13.298+0000] {dag.py:3820} INFO - Setting next_dagrun for dag_with_cron_expression_v02 to 2024-01-09T00:00:00+00:00, run_after=2024-01-10T00:00:00+00:00
[2024-01-09T13:24:13.333+0000] {processor.py:183} INFO - Processing /opt/airflow/dags/dag_with_cron_expression.py took 0.118 seconds
[2024-01-09T13:24:43.711+0000] {processor.py:161} INFO - Started process (PID=45087) to work on /opt/airflow/dags/dag_with_cron_expression.py
[2024-01-09T13:24:43.714+0000] {processor.py:830} INFO - Processing file /opt/airflow/dags/dag_with_cron_expression.py for tasks to queue
[2024-01-09T13:24:43.716+0000] {logging_mixin.py:188} INFO - [2024-01-09T13:24:43.715+0000] {dagbag.py:538} INFO - Filling up the DagBag from /opt/airflow/dags/dag_with_cron_expression.py
[2024-01-09T13:24:43.739+0000] {processor.py:840} INFO - DAG(s) 'dag_with_cron_expression_v02' retrieved from /opt/airflow/dags/dag_with_cron_expression.py
[2024-01-09T13:24:43.804+0000] {logging_mixin.py:188} INFO - [2024-01-09T13:24:43.804+0000] {dag.py:3033} INFO - Sync 1 DAGs
[2024-01-09T13:24:43.842+0000] {logging_mixin.py:188} INFO - [2024-01-09T13:24:43.842+0000] {dag.py:3820} INFO - Setting next_dagrun for dag_with_cron_expression_v02 to 2024-01-09T00:00:00+00:00, run_after=2024-01-10T00:00:00+00:00
[2024-01-09T13:24:43.864+0000] {processor.py:183} INFO - Processing /opt/airflow/dags/dag_with_cron_expression.py took 0.163 seconds
[2024-01-09T13:25:14.158+0000] {processor.py:161} INFO - Started process (PID=45146) to work on /opt/airflow/dags/dag_with_cron_expression.py
[2024-01-09T13:25:14.161+0000] {processor.py:830} INFO - Processing file /opt/airflow/dags/dag_with_cron_expression.py for tasks to queue
[2024-01-09T13:25:14.162+0000] {logging_mixin.py:188} INFO - [2024-01-09T13:25:14.161+0000] {dagbag.py:538} INFO - Filling up the DagBag from /opt/airflow/dags/dag_with_cron_expression.py
[2024-01-09T13:25:14.171+0000] {processor.py:840} INFO - DAG(s) 'dag_with_cron_expression_v02' retrieved from /opt/airflow/dags/dag_with_cron_expression.py
[2024-01-09T13:25:14.193+0000] {logging_mixin.py:188} INFO - [2024-01-09T13:25:14.193+0000] {dag.py:3033} INFO - Sync 1 DAGs
[2024-01-09T13:25:14.218+0000] {logging_mixin.py:188} INFO - [2024-01-09T13:25:14.218+0000] {dag.py:3820} INFO - Setting next_dagrun for dag_with_cron_expression_v02 to 2024-01-09T00:00:00+00:00, run_after=2024-01-10T00:00:00+00:00
[2024-01-09T13:25:14.239+0000] {processor.py:183} INFO - Processing /opt/airflow/dags/dag_with_cron_expression.py took 0.088 seconds
[2024-01-09T13:25:44.568+0000] {processor.py:161} INFO - Started process (PID=45204) to work on /opt/airflow/dags/dag_with_cron_expression.py
[2024-01-09T13:25:44.571+0000] {processor.py:830} INFO - Processing file /opt/airflow/dags/dag_with_cron_expression.py for tasks to queue
[2024-01-09T13:25:44.572+0000] {logging_mixin.py:188} INFO - [2024-01-09T13:25:44.571+0000] {dagbag.py:538} INFO - Filling up the DagBag from /opt/airflow/dags/dag_with_cron_expression.py
[2024-01-09T13:25:44.582+0000] {processor.py:840} INFO - DAG(s) 'dag_with_cron_expression_v02' retrieved from /opt/airflow/dags/dag_with_cron_expression.py
[2024-01-09T13:25:44.614+0000] {logging_mixin.py:188} INFO - [2024-01-09T13:25:44.613+0000] {dag.py:3033} INFO - Sync 1 DAGs
[2024-01-09T13:25:44.653+0000] {logging_mixin.py:188} INFO - [2024-01-09T13:25:44.652+0000] {dag.py:3820} INFO - Setting next_dagrun for dag_with_cron_expression_v02 to 2024-01-09T00:00:00+00:00, run_after=2024-01-10T00:00:00+00:00
[2024-01-09T13:25:44.682+0000] {processor.py:183} INFO - Processing /opt/airflow/dags/dag_with_cron_expression.py took 0.118 seconds
[2024-01-09T13:26:14.792+0000] {processor.py:161} INFO - Started process (PID=45263) to work on /opt/airflow/dags/dag_with_cron_expression.py
[2024-01-09T13:26:14.794+0000] {processor.py:830} INFO - Processing file /opt/airflow/dags/dag_with_cron_expression.py for tasks to queue
[2024-01-09T13:26:14.797+0000] {logging_mixin.py:188} INFO - [2024-01-09T13:26:14.796+0000] {dagbag.py:538} INFO - Filling up the DagBag from /opt/airflow/dags/dag_with_cron_expression.py
[2024-01-09T13:26:14.822+0000] {processor.py:840} INFO - DAG(s) 'dag_with_cron_expression_v02' retrieved from /opt/airflow/dags/dag_with_cron_expression.py
[2024-01-09T13:26:14.871+0000] {logging_mixin.py:188} INFO - [2024-01-09T13:26:14.870+0000] {dag.py:3033} INFO - Sync 1 DAGs
[2024-01-09T13:26:14.920+0000] {logging_mixin.py:188} INFO - [2024-01-09T13:26:14.919+0000] {dag.py:3820} INFO - Setting next_dagrun for dag_with_cron_expression_v02 to 2024-01-09T00:00:00+00:00, run_after=2024-01-10T00:00:00+00:00
[2024-01-09T13:26:14.961+0000] {processor.py:183} INFO - Processing /opt/airflow/dags/dag_with_cron_expression.py took 0.179 seconds
[2024-01-09T13:26:29.263+0000] {processor.py:161} INFO - Started process (PID=45296) to work on /opt/airflow/dags/dag_with_cron_expression.py
[2024-01-09T13:26:29.265+0000] {processor.py:830} INFO - Processing file /opt/airflow/dags/dag_with_cron_expression.py for tasks to queue
[2024-01-09T13:26:29.266+0000] {logging_mixin.py:188} INFO - [2024-01-09T13:26:29.266+0000] {dagbag.py:538} INFO - Filling up the DagBag from /opt/airflow/dags/dag_with_cron_expression.py
[2024-01-09T13:26:29.281+0000] {processor.py:840} INFO - DAG(s) 'dag_with_cron_expression_v03' retrieved from /opt/airflow/dags/dag_with_cron_expression.py
[2024-01-09T13:26:29.567+0000] {logging_mixin.py:188} INFO - [2024-01-09T13:26:29.566+0000] {override.py:1769} INFO - Created Permission View: can edit on DAG:dag_with_cron_expression_v03
[2024-01-09T13:26:29.599+0000] {logging_mixin.py:188} INFO - [2024-01-09T13:26:29.598+0000] {override.py:1769} INFO - Created Permission View: can delete on DAG:dag_with_cron_expression_v03
[2024-01-09T13:26:29.622+0000] {logging_mixin.py:188} INFO - [2024-01-09T13:26:29.621+0000] {override.py:1769} INFO - Created Permission View: can read on DAG:dag_with_cron_expression_v03
[2024-01-09T13:26:29.623+0000] {logging_mixin.py:188} INFO - [2024-01-09T13:26:29.623+0000] {dag.py:3033} INFO - Sync 1 DAGs
[2024-01-09T13:26:29.656+0000] {logging_mixin.py:188} INFO - [2024-01-09T13:26:29.655+0000] {dag.py:3055} INFO - Creating ORM DAG for dag_with_cron_expression_v03
[2024-01-09T13:26:29.680+0000] {logging_mixin.py:188} INFO - [2024-01-09T13:26:29.680+0000] {dag.py:3820} INFO - Setting next_dagrun for dag_with_cron_expression_v03 to 2024-01-03T04:00:00+00:00, run_after=2024-01-10T04:00:00+00:00
[2024-01-09T13:26:29.722+0000] {processor.py:183} INFO - Processing /opt/airflow/dags/dag_with_cron_expression.py took 0.464 seconds
[2024-01-09T13:27:00.246+0000] {processor.py:161} INFO - Started process (PID=45355) to work on /opt/airflow/dags/dag_with_cron_expression.py
[2024-01-09T13:27:00.246+0000] {processor.py:830} INFO - Processing file /opt/airflow/dags/dag_with_cron_expression.py for tasks to queue
[2024-01-09T13:27:00.247+0000] {logging_mixin.py:188} INFO - [2024-01-09T13:27:00.247+0000] {dagbag.py:538} INFO - Filling up the DagBag from /opt/airflow/dags/dag_with_cron_expression.py
[2024-01-09T13:27:00.252+0000] {processor.py:840} INFO - DAG(s) 'dag_with_cron_expression_v03' retrieved from /opt/airflow/dags/dag_with_cron_expression.py
[2024-01-09T13:27:00.273+0000] {logging_mixin.py:188} INFO - [2024-01-09T13:27:00.273+0000] {dag.py:3033} INFO - Sync 1 DAGs
[2024-01-09T13:27:00.301+0000] {logging_mixin.py:188} INFO - [2024-01-09T13:27:00.301+0000] {dag.py:3820} INFO - Setting next_dagrun for dag_with_cron_expression_v03 to 2024-01-03T04:00:00+00:00, run_after=2024-01-10T04:00:00+00:00
[2024-01-09T13:27:00.326+0000] {processor.py:183} INFO - Processing /opt/airflow/dags/dag_with_cron_expression.py took 0.082 seconds
[2024-01-09T13:27:30.445+0000] {processor.py:161} INFO - Started process (PID=45414) to work on /opt/airflow/dags/dag_with_cron_expression.py
[2024-01-09T13:27:30.448+0000] {processor.py:830} INFO - Processing file /opt/airflow/dags/dag_with_cron_expression.py for tasks to queue
[2024-01-09T13:27:30.449+0000] {logging_mixin.py:188} INFO - [2024-01-09T13:27:30.448+0000] {dagbag.py:538} INFO - Filling up the DagBag from /opt/airflow/dags/dag_with_cron_expression.py
[2024-01-09T13:27:30.456+0000] {processor.py:840} INFO - DAG(s) 'dag_with_cron_expression_v03' retrieved from /opt/airflow/dags/dag_with_cron_expression.py
[2024-01-09T13:27:30.477+0000] {logging_mixin.py:188} INFO - [2024-01-09T13:27:30.477+0000] {dag.py:3033} INFO - Sync 1 DAGs
[2024-01-09T13:27:30.501+0000] {logging_mixin.py:188} INFO - [2024-01-09T13:27:30.501+0000] {dag.py:3820} INFO - Setting next_dagrun for dag_with_cron_expression_v03 to 2024-01-03T04:00:00+00:00, run_after=2024-01-10T04:00:00+00:00
[2024-01-09T13:27:30.520+0000] {processor.py:183} INFO - Processing /opt/airflow/dags/dag_with_cron_expression.py took 0.078 seconds
[2024-01-09T13:28:00.589+0000] {processor.py:161} INFO - Started process (PID=45473) to work on /opt/airflow/dags/dag_with_cron_expression.py
[2024-01-09T13:28:00.590+0000] {processor.py:830} INFO - Processing file /opt/airflow/dags/dag_with_cron_expression.py for tasks to queue
[2024-01-09T13:28:00.592+0000] {logging_mixin.py:188} INFO - [2024-01-09T13:28:00.591+0000] {dagbag.py:538} INFO - Filling up the DagBag from /opt/airflow/dags/dag_with_cron_expression.py
[2024-01-09T13:28:00.603+0000] {processor.py:840} INFO - DAG(s) 'dag_with_cron_expression_v03' retrieved from /opt/airflow/dags/dag_with_cron_expression.py
[2024-01-09T13:28:00.628+0000] {logging_mixin.py:188} INFO - [2024-01-09T13:28:00.628+0000] {dag.py:3033} INFO - Sync 1 DAGs
[2024-01-09T13:28:00.660+0000] {logging_mixin.py:188} INFO - [2024-01-09T13:28:00.660+0000] {dag.py:3820} INFO - Setting next_dagrun for dag_with_cron_expression_v03 to 2024-01-03T04:00:00+00:00, run_after=2024-01-10T04:00:00+00:00
[2024-01-09T13:28:00.682+0000] {processor.py:183} INFO - Processing /opt/airflow/dags/dag_with_cron_expression.py took 0.101 seconds
[2024-01-09T13:28:31.303+0000] {processor.py:161} INFO - Started process (PID=45532) to work on /opt/airflow/dags/dag_with_cron_expression.py
[2024-01-09T13:28:31.307+0000] {processor.py:830} INFO - Processing file /opt/airflow/dags/dag_with_cron_expression.py for tasks to queue
[2024-01-09T13:28:31.308+0000] {logging_mixin.py:188} INFO - [2024-01-09T13:28:31.307+0000] {dagbag.py:538} INFO - Filling up the DagBag from /opt/airflow/dags/dag_with_cron_expression.py
[2024-01-09T13:28:31.318+0000] {processor.py:840} INFO - DAG(s) 'dag_with_cron_expression_v03' retrieved from /opt/airflow/dags/dag_with_cron_expression.py
[2024-01-09T13:28:31.349+0000] {logging_mixin.py:188} INFO - [2024-01-09T13:28:31.349+0000] {dag.py:3033} INFO - Sync 1 DAGs
[2024-01-09T13:28:31.386+0000] {logging_mixin.py:188} INFO - [2024-01-09T13:28:31.386+0000] {dag.py:3820} INFO - Setting next_dagrun for dag_with_cron_expression_v03 to 2024-01-03T04:00:00+00:00, run_after=2024-01-10T04:00:00+00:00
[2024-01-09T13:28:31.422+0000] {processor.py:183} INFO - Processing /opt/airflow/dags/dag_with_cron_expression.py took 0.123 seconds
[2024-01-09T13:29:01.915+0000] {processor.py:161} INFO - Started process (PID=45591) to work on /opt/airflow/dags/dag_with_cron_expression.py
[2024-01-09T13:29:01.917+0000] {processor.py:830} INFO - Processing file /opt/airflow/dags/dag_with_cron_expression.py for tasks to queue
[2024-01-09T13:29:01.919+0000] {logging_mixin.py:188} INFO - [2024-01-09T13:29:01.918+0000] {dagbag.py:538} INFO - Filling up the DagBag from /opt/airflow/dags/dag_with_cron_expression.py
[2024-01-09T13:29:01.931+0000] {processor.py:840} INFO - DAG(s) 'dag_with_cron_expression_v03' retrieved from /opt/airflow/dags/dag_with_cron_expression.py
[2024-01-09T13:29:01.965+0000] {logging_mixin.py:188} INFO - [2024-01-09T13:29:01.964+0000] {dag.py:3033} INFO - Sync 1 DAGs
[2024-01-09T13:29:02.001+0000] {logging_mixin.py:188} INFO - [2024-01-09T13:29:02.000+0000] {dag.py:3820} INFO - Setting next_dagrun for dag_with_cron_expression_v03 to 2024-01-03T04:00:00+00:00, run_after=2024-01-10T04:00:00+00:00
[2024-01-09T13:29:02.040+0000] {processor.py:183} INFO - Processing /opt/airflow/dags/dag_with_cron_expression.py took 0.131 seconds
[2024-01-09T13:29:32.749+0000] {processor.py:161} INFO - Started process (PID=45650) to work on /opt/airflow/dags/dag_with_cron_expression.py
[2024-01-09T13:29:32.750+0000] {processor.py:830} INFO - Processing file /opt/airflow/dags/dag_with_cron_expression.py for tasks to queue
[2024-01-09T13:29:32.752+0000] {logging_mixin.py:188} INFO - [2024-01-09T13:29:32.751+0000] {dagbag.py:538} INFO - Filling up the DagBag from /opt/airflow/dags/dag_with_cron_expression.py
[2024-01-09T13:29:32.764+0000] {processor.py:840} INFO - DAG(s) 'dag_with_cron_expression_v03' retrieved from /opt/airflow/dags/dag_with_cron_expression.py
[2024-01-09T13:29:32.787+0000] {logging_mixin.py:188} INFO - [2024-01-09T13:29:32.787+0000] {dag.py:3033} INFO - Sync 1 DAGs
[2024-01-09T13:29:32.810+0000] {logging_mixin.py:188} INFO - [2024-01-09T13:29:32.809+0000] {dag.py:3820} INFO - Setting next_dagrun for dag_with_cron_expression_v03 to 2024-01-03T04:00:00+00:00, run_after=2024-01-10T04:00:00+00:00
[2024-01-09T13:29:32.830+0000] {processor.py:183} INFO - Processing /opt/airflow/dags/dag_with_cron_expression.py took 0.090 seconds
[2024-01-09T13:30:02.873+0000] {processor.py:161} INFO - Started process (PID=45709) to work on /opt/airflow/dags/dag_with_cron_expression.py
[2024-01-09T13:30:02.874+0000] {processor.py:830} INFO - Processing file /opt/airflow/dags/dag_with_cron_expression.py for tasks to queue
[2024-01-09T13:30:02.876+0000] {logging_mixin.py:188} INFO - [2024-01-09T13:30:02.875+0000] {dagbag.py:538} INFO - Filling up the DagBag from /opt/airflow/dags/dag_with_cron_expression.py
[2024-01-09T13:30:02.888+0000] {processor.py:840} INFO - DAG(s) 'dag_with_cron_expression_v03' retrieved from /opt/airflow/dags/dag_with_cron_expression.py
[2024-01-09T13:30:02.912+0000] {logging_mixin.py:188} INFO - [2024-01-09T13:30:02.912+0000] {dag.py:3033} INFO - Sync 1 DAGs
[2024-01-09T13:30:02.939+0000] {logging_mixin.py:188} INFO - [2024-01-09T13:30:02.939+0000] {dag.py:3820} INFO - Setting next_dagrun for dag_with_cron_expression_v03 to 2024-01-03T04:00:00+00:00, run_after=2024-01-10T04:00:00+00:00
[2024-01-09T13:30:02.961+0000] {processor.py:183} INFO - Processing /opt/airflow/dags/dag_with_cron_expression.py took 0.094 seconds
[2024-01-09T13:30:17.620+0000] {processor.py:161} INFO - Started process (PID=45736) to work on /opt/airflow/dags/dag_with_cron_expression.py
[2024-01-09T13:30:17.621+0000] {processor.py:830} INFO - Processing file /opt/airflow/dags/dag_with_cron_expression.py for tasks to queue
[2024-01-09T13:30:17.622+0000] {logging_mixin.py:188} INFO - [2024-01-09T13:30:17.622+0000] {dagbag.py:538} INFO - Filling up the DagBag from /opt/airflow/dags/dag_with_cron_expression.py
[2024-01-09T13:30:17.630+0000] {processor.py:840} INFO - DAG(s) 'dag_with_cron_expression_v04' retrieved from /opt/airflow/dags/dag_with_cron_expression.py
[2024-01-09T13:30:17.743+0000] {logging_mixin.py:188} INFO - [2024-01-09T13:30:17.743+0000] {override.py:1769} INFO - Created Permission View: can edit on DAG:dag_with_cron_expression_v04
[2024-01-09T13:30:17.759+0000] {logging_mixin.py:188} INFO - [2024-01-09T13:30:17.758+0000] {override.py:1769} INFO - Created Permission View: can delete on DAG:dag_with_cron_expression_v04
[2024-01-09T13:30:17.770+0000] {logging_mixin.py:188} INFO - [2024-01-09T13:30:17.769+0000] {override.py:1769} INFO - Created Permission View: can read on DAG:dag_with_cron_expression_v04
[2024-01-09T13:30:17.770+0000] {logging_mixin.py:188} INFO - [2024-01-09T13:30:17.770+0000] {dag.py:3033} INFO - Sync 1 DAGs
[2024-01-09T13:30:17.784+0000] {logging_mixin.py:188} INFO - [2024-01-09T13:30:17.784+0000] {dag.py:3055} INFO - Creating ORM DAG for dag_with_cron_expression_v04
[2024-01-09T13:30:17.796+0000] {logging_mixin.py:188} INFO - [2024-01-09T13:30:17.796+0000] {dag.py:3820} INFO - Setting next_dagrun for dag_with_cron_expression_v04 to 2024-01-03T04:00:00+00:00, run_after=2024-01-04T04:00:00+00:00
[2024-01-09T13:30:17.817+0000] {processor.py:183} INFO - Processing /opt/airflow/dags/dag_with_cron_expression.py took 0.200 seconds
[2024-01-09T13:30:47.930+0000] {processor.py:161} INFO - Started process (PID=45795) to work on /opt/airflow/dags/dag_with_cron_expression.py
[2024-01-09T13:30:47.931+0000] {processor.py:830} INFO - Processing file /opt/airflow/dags/dag_with_cron_expression.py for tasks to queue
[2024-01-09T13:30:47.932+0000] {logging_mixin.py:188} INFO - [2024-01-09T13:30:47.932+0000] {dagbag.py:538} INFO - Filling up the DagBag from /opt/airflow/dags/dag_with_cron_expression.py
[2024-01-09T13:30:47.941+0000] {processor.py:840} INFO - DAG(s) 'dag_with_cron_expression_v04' retrieved from /opt/airflow/dags/dag_with_cron_expression.py
[2024-01-09T13:30:47.962+0000] {logging_mixin.py:188} INFO - [2024-01-09T13:30:47.961+0000] {dag.py:3033} INFO - Sync 1 DAGs
[2024-01-09T13:30:47.988+0000] {logging_mixin.py:188} INFO - [2024-01-09T13:30:47.987+0000] {dag.py:3820} INFO - Setting next_dagrun for dag_with_cron_expression_v04 to 2024-01-05T04:00:00+00:00, run_after=2024-01-10T04:00:00+00:00
[2024-01-09T13:30:48.007+0000] {processor.py:183} INFO - Processing /opt/airflow/dags/dag_with_cron_expression.py took 0.083 seconds
[2024-01-09T13:31:18.778+0000] {processor.py:161} INFO - Started process (PID=45854) to work on /opt/airflow/dags/dag_with_cron_expression.py
[2024-01-09T13:31:18.780+0000] {processor.py:830} INFO - Processing file /opt/airflow/dags/dag_with_cron_expression.py for tasks to queue
[2024-01-09T13:31:18.782+0000] {logging_mixin.py:188} INFO - [2024-01-09T13:31:18.781+0000] {dagbag.py:538} INFO - Filling up the DagBag from /opt/airflow/dags/dag_with_cron_expression.py
[2024-01-09T13:31:18.794+0000] {processor.py:840} INFO - DAG(s) 'dag_with_cron_expression_v04' retrieved from /opt/airflow/dags/dag_with_cron_expression.py
[2024-01-09T13:31:18.821+0000] {logging_mixin.py:188} INFO - [2024-01-09T13:31:18.821+0000] {dag.py:3033} INFO - Sync 1 DAGs
[2024-01-09T13:31:18.856+0000] {logging_mixin.py:188} INFO - [2024-01-09T13:31:18.856+0000] {dag.py:3820} INFO - Setting next_dagrun for dag_with_cron_expression_v04 to 2024-01-05T04:00:00+00:00, run_after=2024-01-10T04:00:00+00:00
[2024-01-09T13:31:18.875+0000] {processor.py:183} INFO - Processing /opt/airflow/dags/dag_with_cron_expression.py took 0.102 seconds
[2024-01-09T13:31:49.246+0000] {processor.py:161} INFO - Started process (PID=45913) to work on /opt/airflow/dags/dag_with_cron_expression.py
[2024-01-09T13:31:49.247+0000] {processor.py:830} INFO - Processing file /opt/airflow/dags/dag_with_cron_expression.py for tasks to queue
[2024-01-09T13:31:49.249+0000] {logging_mixin.py:188} INFO - [2024-01-09T13:31:49.248+0000] {dagbag.py:538} INFO - Filling up the DagBag from /opt/airflow/dags/dag_with_cron_expression.py
[2024-01-09T13:31:49.262+0000] {processor.py:840} INFO - DAG(s) 'dag_with_cron_expression_v04' retrieved from /opt/airflow/dags/dag_with_cron_expression.py
[2024-01-09T13:31:49.304+0000] {logging_mixin.py:188} INFO - [2024-01-09T13:31:49.303+0000] {dag.py:3033} INFO - Sync 1 DAGs
[2024-01-09T13:31:49.350+0000] {logging_mixin.py:188} INFO - [2024-01-09T13:31:49.350+0000] {dag.py:3820} INFO - Setting next_dagrun for dag_with_cron_expression_v04 to 2024-01-05T04:00:00+00:00, run_after=2024-01-10T04:00:00+00:00
[2024-01-09T13:31:49.388+0000] {processor.py:183} INFO - Processing /opt/airflow/dags/dag_with_cron_expression.py took 0.147 seconds
[2024-01-09T13:32:19.484+0000] {processor.py:161} INFO - Started process (PID=45970) to work on /opt/airflow/dags/dag_with_cron_expression.py
[2024-01-09T13:32:19.485+0000] {processor.py:830} INFO - Processing file /opt/airflow/dags/dag_with_cron_expression.py for tasks to queue
[2024-01-09T13:32:19.486+0000] {logging_mixin.py:188} INFO - [2024-01-09T13:32:19.486+0000] {dagbag.py:538} INFO - Filling up the DagBag from /opt/airflow/dags/dag_with_cron_expression.py
[2024-01-09T13:32:19.495+0000] {processor.py:840} INFO - DAG(s) 'dag_with_cron_expression_v04' retrieved from /opt/airflow/dags/dag_with_cron_expression.py
[2024-01-09T13:32:19.517+0000] {logging_mixin.py:188} INFO - [2024-01-09T13:32:19.517+0000] {dag.py:3033} INFO - Sync 1 DAGs
[2024-01-09T13:32:19.543+0000] {logging_mixin.py:188} INFO - [2024-01-09T13:32:19.543+0000] {dag.py:3820} INFO - Setting next_dagrun for dag_with_cron_expression_v04 to 2024-01-05T04:00:00+00:00, run_after=2024-01-10T04:00:00+00:00
[2024-01-09T13:32:19.563+0000] {processor.py:183} INFO - Processing /opt/airflow/dags/dag_with_cron_expression.py took 0.084 seconds
[2024-01-09T13:32:50.215+0000] {processor.py:161} INFO - Started process (PID=46029) to work on /opt/airflow/dags/dag_with_cron_expression.py
[2024-01-09T13:32:50.217+0000] {processor.py:830} INFO - Processing file /opt/airflow/dags/dag_with_cron_expression.py for tasks to queue
[2024-01-09T13:32:50.218+0000] {logging_mixin.py:188} INFO - [2024-01-09T13:32:50.218+0000] {dagbag.py:538} INFO - Filling up the DagBag from /opt/airflow/dags/dag_with_cron_expression.py
[2024-01-09T13:32:50.229+0000] {processor.py:840} INFO - DAG(s) 'dag_with_cron_expression_v04' retrieved from /opt/airflow/dags/dag_with_cron_expression.py
[2024-01-09T13:32:50.250+0000] {logging_mixin.py:188} INFO - [2024-01-09T13:32:50.250+0000] {dag.py:3033} INFO - Sync 1 DAGs
[2024-01-09T13:32:50.274+0000] {logging_mixin.py:188} INFO - [2024-01-09T13:32:50.274+0000] {dag.py:3820} INFO - Setting next_dagrun for dag_with_cron_expression_v04 to 2024-01-05T04:00:00+00:00, run_after=2024-01-10T04:00:00+00:00
[2024-01-09T13:32:50.291+0000] {processor.py:183} INFO - Processing /opt/airflow/dags/dag_with_cron_expression.py took 0.084 seconds
[2024-01-09T13:33:20.988+0000] {processor.py:161} INFO - Started process (PID=46088) to work on /opt/airflow/dags/dag_with_cron_expression.py
[2024-01-09T13:33:20.990+0000] {processor.py:830} INFO - Processing file /opt/airflow/dags/dag_with_cron_expression.py for tasks to queue
[2024-01-09T13:33:20.991+0000] {logging_mixin.py:188} INFO - [2024-01-09T13:33:20.990+0000] {dagbag.py:538} INFO - Filling up the DagBag from /opt/airflow/dags/dag_with_cron_expression.py
[2024-01-09T13:33:20.999+0000] {processor.py:840} INFO - DAG(s) 'dag_with_cron_expression_v04' retrieved from /opt/airflow/dags/dag_with_cron_expression.py
[2024-01-09T13:33:21.021+0000] {logging_mixin.py:188} INFO - [2024-01-09T13:33:21.021+0000] {dag.py:3033} INFO - Sync 1 DAGs
[2024-01-09T13:33:21.047+0000] {logging_mixin.py:188} INFO - [2024-01-09T13:33:21.047+0000] {dag.py:3820} INFO - Setting next_dagrun for dag_with_cron_expression_v04 to 2024-01-05T04:00:00+00:00, run_after=2024-01-10T04:00:00+00:00
[2024-01-09T13:33:21.066+0000] {processor.py:183} INFO - Processing /opt/airflow/dags/dag_with_cron_expression.py took 0.082 seconds
[2024-01-09T13:33:51.235+0000] {processor.py:161} INFO - Started process (PID=46147) to work on /opt/airflow/dags/dag_with_cron_expression.py
[2024-01-09T13:33:51.236+0000] {processor.py:830} INFO - Processing file /opt/airflow/dags/dag_with_cron_expression.py for tasks to queue
[2024-01-09T13:33:51.237+0000] {logging_mixin.py:188} INFO - [2024-01-09T13:33:51.236+0000] {dagbag.py:538} INFO - Filling up the DagBag from /opt/airflow/dags/dag_with_cron_expression.py
[2024-01-09T13:33:51.245+0000] {processor.py:840} INFO - DAG(s) 'dag_with_cron_expression_v04' retrieved from /opt/airflow/dags/dag_with_cron_expression.py
[2024-01-09T13:33:51.265+0000] {logging_mixin.py:188} INFO - [2024-01-09T13:33:51.264+0000] {dag.py:3033} INFO - Sync 1 DAGs
[2024-01-09T13:33:51.288+0000] {logging_mixin.py:188} INFO - [2024-01-09T13:33:51.288+0000] {dag.py:3820} INFO - Setting next_dagrun for dag_with_cron_expression_v04 to 2024-01-05T04:00:00+00:00, run_after=2024-01-10T04:00:00+00:00
[2024-01-09T13:33:51.304+0000] {processor.py:183} INFO - Processing /opt/airflow/dags/dag_with_cron_expression.py took 0.073 seconds
[2024-01-09T13:34:21.425+0000] {processor.py:161} INFO - Started process (PID=46207) to work on /opt/airflow/dags/dag_with_cron_expression.py
[2024-01-09T13:34:21.427+0000] {processor.py:830} INFO - Processing file /opt/airflow/dags/dag_with_cron_expression.py for tasks to queue
[2024-01-09T13:34:21.429+0000] {logging_mixin.py:188} INFO - [2024-01-09T13:34:21.428+0000] {dagbag.py:538} INFO - Filling up the DagBag from /opt/airflow/dags/dag_with_cron_expression.py
[2024-01-09T13:34:21.438+0000] {processor.py:840} INFO - DAG(s) 'dag_with_cron_expression_v04' retrieved from /opt/airflow/dags/dag_with_cron_expression.py
[2024-01-09T13:34:21.460+0000] {logging_mixin.py:188} INFO - [2024-01-09T13:34:21.460+0000] {dag.py:3033} INFO - Sync 1 DAGs
[2024-01-09T13:34:21.486+0000] {logging_mixin.py:188} INFO - [2024-01-09T13:34:21.486+0000] {dag.py:3820} INFO - Setting next_dagrun for dag_with_cron_expression_v04 to 2024-01-05T04:00:00+00:00, run_after=2024-01-10T04:00:00+00:00
[2024-01-09T13:34:21.504+0000] {processor.py:183} INFO - Processing /opt/airflow/dags/dag_with_cron_expression.py took 0.087 seconds
[2024-01-09T13:34:51.524+0000] {processor.py:161} INFO - Started process (PID=46266) to work on /opt/airflow/dags/dag_with_cron_expression.py
[2024-01-09T13:34:51.525+0000] {processor.py:830} INFO - Processing file /opt/airflow/dags/dag_with_cron_expression.py for tasks to queue
[2024-01-09T13:34:51.525+0000] {logging_mixin.py:188} INFO - [2024-01-09T13:34:51.525+0000] {dagbag.py:538} INFO - Filling up the DagBag from /opt/airflow/dags/dag_with_cron_expression.py
[2024-01-09T13:34:51.530+0000] {processor.py:840} INFO - DAG(s) 'dag_with_cron_expression_v04' retrieved from /opt/airflow/dags/dag_with_cron_expression.py
[2024-01-09T13:34:51.545+0000] {logging_mixin.py:188} INFO - [2024-01-09T13:34:51.545+0000] {dag.py:3033} INFO - Sync 1 DAGs
[2024-01-09T13:34:51.566+0000] {logging_mixin.py:188} INFO - [2024-01-09T13:34:51.565+0000] {dag.py:3820} INFO - Setting next_dagrun for dag_with_cron_expression_v04 to 2024-01-05T04:00:00+00:00, run_after=2024-01-10T04:00:00+00:00
[2024-01-09T13:34:51.587+0000] {processor.py:183} INFO - Processing /opt/airflow/dags/dag_with_cron_expression.py took 0.065 seconds
[2024-01-09T13:35:21.629+0000] {processor.py:161} INFO - Started process (PID=46325) to work on /opt/airflow/dags/dag_with_cron_expression.py
[2024-01-09T13:35:21.631+0000] {processor.py:830} INFO - Processing file /opt/airflow/dags/dag_with_cron_expression.py for tasks to queue
[2024-01-09T13:35:21.632+0000] {logging_mixin.py:188} INFO - [2024-01-09T13:35:21.632+0000] {dagbag.py:538} INFO - Filling up the DagBag from /opt/airflow/dags/dag_with_cron_expression.py
[2024-01-09T13:35:21.639+0000] {processor.py:840} INFO - DAG(s) 'dag_with_cron_expression_v04' retrieved from /opt/airflow/dags/dag_with_cron_expression.py
[2024-01-09T13:35:21.659+0000] {logging_mixin.py:188} INFO - [2024-01-09T13:35:21.659+0000] {dag.py:3033} INFO - Sync 1 DAGs
[2024-01-09T13:35:21.681+0000] {logging_mixin.py:188} INFO - [2024-01-09T13:35:21.680+0000] {dag.py:3820} INFO - Setting next_dagrun for dag_with_cron_expression_v04 to 2024-01-05T04:00:00+00:00, run_after=2024-01-10T04:00:00+00:00
[2024-01-09T13:35:21.696+0000] {processor.py:183} INFO - Processing /opt/airflow/dags/dag_with_cron_expression.py took 0.070 seconds
[2024-01-09T13:35:52.598+0000] {processor.py:161} INFO - Started process (PID=46385) to work on /opt/airflow/dags/dag_with_cron_expression.py
[2024-01-09T13:35:52.602+0000] {processor.py:830} INFO - Processing file /opt/airflow/dags/dag_with_cron_expression.py for tasks to queue
[2024-01-09T13:35:52.604+0000] {logging_mixin.py:188} INFO - [2024-01-09T13:35:52.603+0000] {dagbag.py:538} INFO - Filling up the DagBag from /opt/airflow/dags/dag_with_cron_expression.py
[2024-01-09T13:35:52.622+0000] {processor.py:840} INFO - DAG(s) 'dag_with_cron_expression_v04' retrieved from /opt/airflow/dags/dag_with_cron_expression.py
[2024-01-09T13:35:52.643+0000] {logging_mixin.py:188} INFO - [2024-01-09T13:35:52.643+0000] {dag.py:3033} INFO - Sync 1 DAGs
[2024-01-09T13:35:52.666+0000] {logging_mixin.py:188} INFO - [2024-01-09T13:35:52.666+0000] {dag.py:3820} INFO - Setting next_dagrun for dag_with_cron_expression_v04 to 2024-01-05T04:00:00+00:00, run_after=2024-01-10T04:00:00+00:00
[2024-01-09T13:35:52.683+0000] {processor.py:183} INFO - Processing /opt/airflow/dags/dag_with_cron_expression.py took 0.095 seconds
[2024-01-09T13:36:23.293+0000] {processor.py:161} INFO - Started process (PID=46443) to work on /opt/airflow/dags/dag_with_cron_expression.py
[2024-01-09T13:36:23.294+0000] {processor.py:830} INFO - Processing file /opt/airflow/dags/dag_with_cron_expression.py for tasks to queue
[2024-01-09T13:36:23.295+0000] {logging_mixin.py:188} INFO - [2024-01-09T13:36:23.294+0000] {dagbag.py:538} INFO - Filling up the DagBag from /opt/airflow/dags/dag_with_cron_expression.py
[2024-01-09T13:36:23.302+0000] {processor.py:840} INFO - DAG(s) 'dag_with_cron_expression_v04' retrieved from /opt/airflow/dags/dag_with_cron_expression.py
[2024-01-09T13:36:23.321+0000] {logging_mixin.py:188} INFO - [2024-01-09T13:36:23.321+0000] {dag.py:3033} INFO - Sync 1 DAGs
[2024-01-09T13:36:23.343+0000] {logging_mixin.py:188} INFO - [2024-01-09T13:36:23.343+0000] {dag.py:3820} INFO - Setting next_dagrun for dag_with_cron_expression_v04 to 2024-01-05T04:00:00+00:00, run_after=2024-01-10T04:00:00+00:00
[2024-01-09T13:36:23.359+0000] {processor.py:183} INFO - Processing /opt/airflow/dags/dag_with_cron_expression.py took 0.069 seconds
[2024-01-09T13:36:54.018+0000] {processor.py:161} INFO - Started process (PID=46502) to work on /opt/airflow/dags/dag_with_cron_expression.py
[2024-01-09T13:36:54.021+0000] {processor.py:830} INFO - Processing file /opt/airflow/dags/dag_with_cron_expression.py for tasks to queue
[2024-01-09T13:36:54.024+0000] {logging_mixin.py:188} INFO - [2024-01-09T13:36:54.023+0000] {dagbag.py:538} INFO - Filling up the DagBag from /opt/airflow/dags/dag_with_cron_expression.py
[2024-01-09T13:36:54.041+0000] {processor.py:840} INFO - DAG(s) 'dag_with_cron_expression_v04' retrieved from /opt/airflow/dags/dag_with_cron_expression.py
[2024-01-09T13:36:54.061+0000] {logging_mixin.py:188} INFO - [2024-01-09T13:36:54.060+0000] {dag.py:3033} INFO - Sync 1 DAGs
[2024-01-09T13:36:54.082+0000] {logging_mixin.py:188} INFO - [2024-01-09T13:36:54.082+0000] {dag.py:3820} INFO - Setting next_dagrun for dag_with_cron_expression_v04 to 2024-01-05T04:00:00+00:00, run_after=2024-01-10T04:00:00+00:00
[2024-01-09T13:36:54.099+0000] {processor.py:183} INFO - Processing /opt/airflow/dags/dag_with_cron_expression.py took 0.091 seconds
[2024-01-09T13:37:24.908+0000] {processor.py:161} INFO - Started process (PID=46561) to work on /opt/airflow/dags/dag_with_cron_expression.py
[2024-01-09T13:37:24.909+0000] {processor.py:830} INFO - Processing file /opt/airflow/dags/dag_with_cron_expression.py for tasks to queue
[2024-01-09T13:37:24.909+0000] {logging_mixin.py:188} INFO - [2024-01-09T13:37:24.909+0000] {dagbag.py:538} INFO - Filling up the DagBag from /opt/airflow/dags/dag_with_cron_expression.py
[2024-01-09T13:37:24.916+0000] {processor.py:840} INFO - DAG(s) 'dag_with_cron_expression_v04' retrieved from /opt/airflow/dags/dag_with_cron_expression.py
[2024-01-09T13:37:24.934+0000] {logging_mixin.py:188} INFO - [2024-01-09T13:37:24.934+0000] {dag.py:3033} INFO - Sync 1 DAGs
[2024-01-09T13:37:24.956+0000] {logging_mixin.py:188} INFO - [2024-01-09T13:37:24.955+0000] {dag.py:3820} INFO - Setting next_dagrun for dag_with_cron_expression_v04 to 2024-01-05T04:00:00+00:00, run_after=2024-01-10T04:00:00+00:00
[2024-01-09T13:37:24.972+0000] {processor.py:183} INFO - Processing /opt/airflow/dags/dag_with_cron_expression.py took 0.066 seconds
[2024-01-09T13:37:55.804+0000] {processor.py:161} INFO - Started process (PID=46621) to work on /opt/airflow/dags/dag_with_cron_expression.py
[2024-01-09T13:37:55.807+0000] {processor.py:830} INFO - Processing file /opt/airflow/dags/dag_with_cron_expression.py for tasks to queue
[2024-01-09T13:37:55.810+0000] {logging_mixin.py:188} INFO - [2024-01-09T13:37:55.809+0000] {dagbag.py:538} INFO - Filling up the DagBag from /opt/airflow/dags/dag_with_cron_expression.py
[2024-01-09T13:37:55.827+0000] {processor.py:840} INFO - DAG(s) 'dag_with_cron_expression_v04' retrieved from /opt/airflow/dags/dag_with_cron_expression.py
[2024-01-09T13:37:55.848+0000] {logging_mixin.py:188} INFO - [2024-01-09T13:37:55.848+0000] {dag.py:3033} INFO - Sync 1 DAGs
[2024-01-09T13:37:55.872+0000] {logging_mixin.py:188} INFO - [2024-01-09T13:37:55.872+0000] {dag.py:3820} INFO - Setting next_dagrun for dag_with_cron_expression_v04 to 2024-01-05T04:00:00+00:00, run_after=2024-01-10T04:00:00+00:00
[2024-01-09T13:37:55.890+0000] {processor.py:183} INFO - Processing /opt/airflow/dags/dag_with_cron_expression.py took 0.096 seconds
[2024-01-09T13:38:25.939+0000] {processor.py:161} INFO - Started process (PID=46680) to work on /opt/airflow/dags/dag_with_cron_expression.py
[2024-01-09T13:38:25.940+0000] {processor.py:830} INFO - Processing file /opt/airflow/dags/dag_with_cron_expression.py for tasks to queue
[2024-01-09T13:38:25.941+0000] {logging_mixin.py:188} INFO - [2024-01-09T13:38:25.941+0000] {dagbag.py:538} INFO - Filling up the DagBag from /opt/airflow/dags/dag_with_cron_expression.py
[2024-01-09T13:38:25.951+0000] {processor.py:840} INFO - DAG(s) 'dag_with_cron_expression_v04' retrieved from /opt/airflow/dags/dag_with_cron_expression.py
[2024-01-09T13:38:25.973+0000] {logging_mixin.py:188} INFO - [2024-01-09T13:38:25.973+0000] {dag.py:3033} INFO - Sync 1 DAGs
[2024-01-09T13:38:25.997+0000] {logging_mixin.py:188} INFO - [2024-01-09T13:38:25.997+0000] {dag.py:3820} INFO - Setting next_dagrun for dag_with_cron_expression_v04 to 2024-01-05T04:00:00+00:00, run_after=2024-01-10T04:00:00+00:00
[2024-01-09T13:38:26.018+0000] {processor.py:183} INFO - Processing /opt/airflow/dags/dag_with_cron_expression.py took 0.082 seconds
[2024-01-09T13:38:56.373+0000] {processor.py:161} INFO - Started process (PID=46739) to work on /opt/airflow/dags/dag_with_cron_expression.py
[2024-01-09T13:38:56.375+0000] {processor.py:830} INFO - Processing file /opt/airflow/dags/dag_with_cron_expression.py for tasks to queue
[2024-01-09T13:38:56.377+0000] {logging_mixin.py:188} INFO - [2024-01-09T13:38:56.376+0000] {dagbag.py:538} INFO - Filling up the DagBag from /opt/airflow/dags/dag_with_cron_expression.py
[2024-01-09T13:38:56.387+0000] {processor.py:840} INFO - DAG(s) 'dag_with_cron_expression_v04' retrieved from /opt/airflow/dags/dag_with_cron_expression.py
[2024-01-09T13:38:56.418+0000] {logging_mixin.py:188} INFO - [2024-01-09T13:38:56.418+0000] {dag.py:3033} INFO - Sync 1 DAGs
[2024-01-09T13:38:56.459+0000] {logging_mixin.py:188} INFO - [2024-01-09T13:38:56.458+0000] {dag.py:3820} INFO - Setting next_dagrun for dag_with_cron_expression_v04 to 2024-01-05T04:00:00+00:00, run_after=2024-01-10T04:00:00+00:00
[2024-01-09T13:38:56.494+0000] {processor.py:183} INFO - Processing /opt/airflow/dags/dag_with_cron_expression.py took 0.127 seconds
[2024-01-09T13:39:26.771+0000] {processor.py:161} INFO - Started process (PID=46798) to work on /opt/airflow/dags/dag_with_cron_expression.py
[2024-01-09T13:39:26.772+0000] {processor.py:830} INFO - Processing file /opt/airflow/dags/dag_with_cron_expression.py for tasks to queue
[2024-01-09T13:39:26.773+0000] {logging_mixin.py:188} INFO - [2024-01-09T13:39:26.773+0000] {dagbag.py:538} INFO - Filling up the DagBag from /opt/airflow/dags/dag_with_cron_expression.py
[2024-01-09T13:39:26.782+0000] {processor.py:840} INFO - DAG(s) 'dag_with_cron_expression_v04' retrieved from /opt/airflow/dags/dag_with_cron_expression.py
[2024-01-09T13:39:26.814+0000] {logging_mixin.py:188} INFO - [2024-01-09T13:39:26.813+0000] {dag.py:3033} INFO - Sync 1 DAGs
[2024-01-09T13:39:26.847+0000] {logging_mixin.py:188} INFO - [2024-01-09T13:39:26.846+0000] {dag.py:3820} INFO - Setting next_dagrun for dag_with_cron_expression_v04 to 2024-01-05T04:00:00+00:00, run_after=2024-01-10T04:00:00+00:00
[2024-01-09T13:39:26.875+0000] {processor.py:183} INFO - Processing /opt/airflow/dags/dag_with_cron_expression.py took 0.108 seconds
[2024-01-09T13:39:57.645+0000] {processor.py:161} INFO - Started process (PID=46857) to work on /opt/airflow/dags/dag_with_cron_expression.py
[2024-01-09T13:39:57.648+0000] {processor.py:830} INFO - Processing file /opt/airflow/dags/dag_with_cron_expression.py for tasks to queue
[2024-01-09T13:39:57.650+0000] {logging_mixin.py:188} INFO - [2024-01-09T13:39:57.649+0000] {dagbag.py:538} INFO - Filling up the DagBag from /opt/airflow/dags/dag_with_cron_expression.py
[2024-01-09T13:39:57.662+0000] {processor.py:840} INFO - DAG(s) 'dag_with_cron_expression_v04' retrieved from /opt/airflow/dags/dag_with_cron_expression.py
[2024-01-09T13:39:57.704+0000] {logging_mixin.py:188} INFO - [2024-01-09T13:39:57.704+0000] {dag.py:3033} INFO - Sync 1 DAGs
[2024-01-09T13:39:57.752+0000] {logging_mixin.py:188} INFO - [2024-01-09T13:39:57.752+0000] {dag.py:3820} INFO - Setting next_dagrun for dag_with_cron_expression_v04 to 2024-01-05T04:00:00+00:00, run_after=2024-01-10T04:00:00+00:00
[2024-01-09T13:39:57.782+0000] {processor.py:183} INFO - Processing /opt/airflow/dags/dag_with_cron_expression.py took 0.141 seconds
[2024-01-09T13:40:27.891+0000] {processor.py:161} INFO - Started process (PID=46916) to work on /opt/airflow/dags/dag_with_cron_expression.py
[2024-01-09T13:40:27.892+0000] {processor.py:830} INFO - Processing file /opt/airflow/dags/dag_with_cron_expression.py for tasks to queue
[2024-01-09T13:40:27.893+0000] {logging_mixin.py:188} INFO - [2024-01-09T13:40:27.893+0000] {dagbag.py:538} INFO - Filling up the DagBag from /opt/airflow/dags/dag_with_cron_expression.py
[2024-01-09T13:40:27.901+0000] {processor.py:840} INFO - DAG(s) 'dag_with_cron_expression_v04' retrieved from /opt/airflow/dags/dag_with_cron_expression.py
[2024-01-09T13:40:27.926+0000] {logging_mixin.py:188} INFO - [2024-01-09T13:40:27.926+0000] {dag.py:3033} INFO - Sync 1 DAGs
[2024-01-09T13:40:27.957+0000] {logging_mixin.py:188} INFO - [2024-01-09T13:40:27.957+0000] {dag.py:3820} INFO - Setting next_dagrun for dag_with_cron_expression_v04 to 2024-01-05T04:00:00+00:00, run_after=2024-01-10T04:00:00+00:00
[2024-01-09T13:40:27.988+0000] {processor.py:183} INFO - Processing /opt/airflow/dags/dag_with_cron_expression.py took 0.101 seconds
[2024-01-09T13:40:58.874+0000] {processor.py:161} INFO - Started process (PID=46975) to work on /opt/airflow/dags/dag_with_cron_expression.py
[2024-01-09T13:40:58.876+0000] {processor.py:830} INFO - Processing file /opt/airflow/dags/dag_with_cron_expression.py for tasks to queue
[2024-01-09T13:40:58.878+0000] {logging_mixin.py:188} INFO - [2024-01-09T13:40:58.878+0000] {dagbag.py:538} INFO - Filling up the DagBag from /opt/airflow/dags/dag_with_cron_expression.py
[2024-01-09T13:40:58.894+0000] {processor.py:840} INFO - DAG(s) 'dag_with_cron_expression_v04' retrieved from /opt/airflow/dags/dag_with_cron_expression.py
[2024-01-09T13:40:58.915+0000] {logging_mixin.py:188} INFO - [2024-01-09T13:40:58.915+0000] {dag.py:3033} INFO - Sync 1 DAGs
[2024-01-09T13:40:58.936+0000] {logging_mixin.py:188} INFO - [2024-01-09T13:40:58.936+0000] {dag.py:3820} INFO - Setting next_dagrun for dag_with_cron_expression_v04 to 2024-01-05T04:00:00+00:00, run_after=2024-01-10T04:00:00+00:00
[2024-01-09T13:40:58.954+0000] {processor.py:183} INFO - Processing /opt/airflow/dags/dag_with_cron_expression.py took 0.088 seconds
